\BOOKMARK [0][-]{chapter.1}{\376\377\000C\000l\000a\000s\000s\000\040\000I\000n\000d\000e\000x}{}% 1
\BOOKMARK [1][-]{section.1.1}{\376\377\000C\000l\000a\000s\000s\000\040\000H\000i\000e\000r\000a\000r\000c\000h\000y}{chapter.1}% 2
\BOOKMARK [0][-]{chapter.2}{\376\377\000C\000l\000a\000s\000s\000\040\000I\000n\000d\000e\000x}{}% 3
\BOOKMARK [1][-]{section.2.1}{\376\377\000C\000l\000a\000s\000s\000\040\000L\000i\000s\000t}{chapter.2}% 4
\BOOKMARK [0][-]{chapter.3}{\376\377\000C\000l\000a\000s\000s\000\040\000D\000o\000c\000u\000m\000e\000n\000t\000a\000t\000i\000o\000n}{}% 5
\BOOKMARK [1][-]{section.3.1}{\376\377\000<\000A\000g\000e\000n\000t\000B\000e\000h\000a\000v\000i\000o\000r\000D\000e\000l\000e\000g\000a\000t\000e\000>\000\040\000P\000r\000o\000t\000o\000c\000o\000l\000\040\000R\000e\000f\000e\000r\000e\000n\000c\000e}{chapter.3}% 6
\BOOKMARK [2][-]{subsection.3.1.1}{\376\377\000D\000e\000t\000a\000i\000l\000e\000d\000\040\000D\000e\000s\000c\000r\000i\000p\000t\000i\000o\000n}{section.3.1}% 7
\BOOKMARK [2][-]{subsection.3.1.2}{\376\377\000M\000e\000m\000b\000e\000r\000\040\000F\000u\000n\000c\000t\000i\000o\000n\000\040\000D\000o\000c\000u\000m\000e\000n\000t\000a\000t\000i\000o\000n}{section.3.1}% 8
\BOOKMARK [3][-]{subsubsection.3.1.2.1}{\376\377\000a\000n\000a\000l\000y\000z\000e\000M\000e\000s\000s\000a\000g\000e\000:\000w\000i\000t\000h\000O\000r\000i\000g\000i\000n\000a\000l\000D\000e\000s\000t\000i\000n\000a\000t\000o\000r\000:}{subsection.3.1.2}% 9
\BOOKMARK [3][-]{subsubsection.3.1.2.2}{\376\377\000s\000t\000a\000r\000t\000S\000i\000m\000u\000l\000a\000t\000i\000o\000n}{subsection.3.1.2}% 10
\BOOKMARK [3][-]{subsubsection.3.1.2.3}{\376\377\000s\000t\000o\000p\000S\000i\000m\000u\000l\000a\000t\000i\000o\000n}{subsection.3.1.2}% 11
\BOOKMARK [1][-]{section.3.2}{\376\377\000A\000i\000r\000p\000l\000a\000n\000e\000\040\000C\000l\000a\000s\000s\000\040\000R\000e\000f\000e\000r\000e\000n\000c\000e}{chapter.3}% 12
\BOOKMARK [2][-]{subsection.3.2.1}{\376\377\000D\000e\000t\000a\000i\000l\000e\000d\000\040\000D\000e\000s\000c\000r\000i\000p\000t\000i\000o\000n}{section.3.2}% 13
\BOOKMARK [2][-]{subsection.3.2.2}{\376\377\000M\000e\000m\000b\000e\000r\000\040\000F\000u\000n\000c\000t\000i\000o\000n\000\040\000D\000o\000c\000u\000m\000e\000n\000t\000a\000t\000i\000o\000n}{section.3.2}% 14
\BOOKMARK [3][-]{subsubsection.3.2.2.1}{\376\377\000a\000n\000a\000l\000y\000z\000e\000M\000e\000s\000s\000a\000g\000e\000:\000w\000i\000t\000h\000O\000r\000i\000g\000i\000n\000a\000l\000D\000e\000s\000t\000i\000n\000a\000t\000o\000r\000:}{subsection.3.2.2}% 15
\BOOKMARK [3][-]{subsubsection.3.2.2.2}{\376\377\000i\000n\000i\000t\000W\000i\000t\000h\000I\000n\000i\000t\000i\000a\000l\000D\000a\000t\000a\000:}{subsection.3.2.2}% 16
\BOOKMARK [3][-]{subsubsection.3.2.2.3}{\376\377\000s\000t\000a\000r\000t\000S\000i\000m\000u\000l\000a\000t\000i\000o\000n}{subsection.3.2.2}% 17
\BOOKMARK [3][-]{subsubsection.3.2.2.4}{\376\377\000s\000t\000o\000p\000S\000i\000m\000u\000l\000a\000t\000i\000o\000n}{subsection.3.2.2}% 18
\BOOKMARK [2][-]{subsection.3.2.3}{\376\377\000P\000r\000o\000p\000e\000r\000t\000y\000\040\000D\000o\000c\000u\000m\000e\000n\000t\000a\000t\000i\000o\000n}{section.3.2}% 19
\BOOKMARK [3][-]{subsubsection.3.2.3.1}{\376\377\000c\000o\000u\000r\000s\000e}{subsection.3.2.3}% 20
\BOOKMARK [3][-]{subsubsection.3.2.3.2}{\376\377\000d\000e\000s\000t\000i\000n\000a\000t\000i\000o\000n}{subsection.3.2.3}% 21
\BOOKMARK [3][-]{subsubsection.3.2.3.3}{\376\377\000o\000w\000n\000I\000n\000f\000o\000r\000m\000a\000t\000i\000o\000n}{subsection.3.2.3}% 22
\BOOKMARK [3][-]{subsubsection.3.2.3.4}{\376\377\000s\000p\000e\000e\000d}{subsection.3.2.3}% 23
\BOOKMARK [1][-]{section.3.3}{\376\377\000A\000i\000r\000p\000o\000r\000t\000C\000o\000n\000t\000r\000o\000l\000l\000e\000r\000\040\000C\000l\000a\000s\000s\000\040\000R\000e\000f\000e\000r\000e\000n\000c\000e}{chapter.3}% 24
\BOOKMARK [2][-]{subsection.3.3.1}{\376\377\000D\000e\000t\000a\000i\000l\000e\000d\000\040\000D\000e\000s\000c\000r\000i\000p\000t\000i\000o\000n}{section.3.3}% 25
\BOOKMARK [2][-]{subsection.3.3.2}{\376\377\000M\000e\000m\000b\000e\000r\000\040\000F\000u\000n\000c\000t\000i\000o\000n\000\040\000D\000o\000c\000u\000m\000e\000n\000t\000a\000t\000i\000o\000n}{section.3.3}% 26
\BOOKMARK [3][-]{subsubsection.3.3.2.1}{\376\377\000f\000i\000n\000i\000s\000h\000M\000e\000s\000s\000a\000g\000e\000A\000n\000a\000l\000y\000s\000i\000s\000:\000w\000i\000t\000h\000M\000e\000s\000s\000a\000g\000e\000C\000o\000d\000e\000:\000f\000r\000o\000m\000:\000o\000r\000i\000g\000i\000n\000a\000l\000l\000y\000T\000o\000:}{subsection.3.3.2}% 27
\BOOKMARK [3][-]{subsubsection.3.3.2.2}{\376\377\000i\000n\000i\000t\000W\000i\000t\000h\000A\000i\000r\000p\000o\000r\000t\000N\000a\000m\000e\000:\000a\000n\000d\000L\000o\000c\000a\000t\000i\000o\000n\000:}{subsection.3.3.2}% 28
\BOOKMARK [2][-]{subsection.3.3.3}{\376\377\000P\000r\000o\000p\000e\000r\000t\000y\000\040\000D\000o\000c\000u\000m\000e\000n\000t\000a\000t\000i\000o\000n}{section.3.3}% 29
\BOOKMARK [3][-]{subsubsection.3.3.3.1}{\376\377\000a\000i\000r\000p\000o\000r\000t\000L\000o\000c\000a\000t\000i\000o\000n}{subsection.3.3.3}% 30
\BOOKMARK [3][-]{subsubsection.3.3.3.2}{\376\377\000a\000i\000r\000p\000o\000r\000t\000N\000a\000m\000e}{subsection.3.3.3}% 31
\BOOKMARK [1][-]{section.3.4}{\376\377\000A\000p\000p\000D\000e\000l\000e\000g\000a\000t\000e\000\040\000C\000l\000a\000s\000s\000\040\000R\000e\000f\000e\000r\000e\000n\000c\000e}{chapter.3}% 32
\BOOKMARK [1][-]{section.3.5}{\376\377\000A\000r\000t\000i\000f\000a\000c\000t\000s\000\040\000C\000l\000a\000s\000s\000\040\000R\000e\000f\000e\000r\000e\000n\000c\000e}{chapter.3}% 33
\BOOKMARK [2][-]{subsection.3.5.1}{\376\377\000D\000e\000t\000a\000i\000l\000e\000d\000\040\000D\000e\000s\000c\000r\000i\000p\000t\000i\000o\000n}{section.3.5}% 34
\BOOKMARK [2][-]{subsection.3.5.2}{\376\377\000M\000e\000m\000b\000e\000r\000\040\000F\000u\000n\000c\000t\000i\000o\000n\000\040\000D\000o\000c\000u\000m\000e\000n\000t\000a\000t\000i\000o\000n}{section.3.5}% 35
\BOOKMARK [3][-]{subsubsection.3.5.2.1}{\376\377\000c\000a\000l\000c\000u\000l\000a\000t\000e\000C\000u\000r\000r\000e\000n\000t\000Z\000o\000n\000e\000f\000r\000o\000m\000P\000o\000i\000n\000t\000:}{subsection.3.5.2}% 36
\BOOKMARK [3][-]{subsubsection.3.5.2.2}{\376\377\000c\000a\000l\000c\000u\000l\000a\000t\000e\000N\000e\000w\000P\000o\000s\000i\000t\000i\000o\000n\000F\000r\000o\000m\000C\000u\000r\000r\000e\000n\000t\000:\000a\000f\000t\000e\000r\000I\000n\000t\000e\000r\000v\000a\000l\000:}{subsection.3.5.2}% 37
\BOOKMARK [3][-]{subsubsection.3.5.2.3}{\376\377\000d\000i\000s\000t\000a\000n\000c\000e\000F\000r\000o\000m\000N\000e\000x\000t\000Z\000o\000n\000e\000:\000o\000n\000R\000o\000u\000t\000e\000:}{subsection.3.5.2}% 38
\BOOKMARK [1][-]{section.3.6}{\376\377\000<\000A\000r\000t\000i\000f\000a\000c\000t\000s\000D\000e\000l\000e\000g\000a\000t\000e\000>\000\040\000P\000r\000o\000t\000o\000c\000o\000l\000\040\000R\000e\000f\000e\000r\000e\000n\000c\000e}{chapter.3}% 39
\BOOKMARK [2][-]{subsection.3.6.1}{\376\377\000D\000e\000t\000a\000i\000l\000e\000d\000\040\000D\000e\000s\000c\000r\000i\000p\000t\000i\000o\000n}{section.3.6}% 40
\BOOKMARK [2][-]{subsection.3.6.2}{\376\377\000M\000e\000m\000b\000e\000r\000\040\000F\000u\000n\000c\000t\000i\000o\000n\000\040\000D\000o\000c\000u\000m\000e\000n\000t\000a\000t\000i\000o\000n}{section.3.6}% 41
\BOOKMARK [3][-]{subsubsection.3.6.2.1}{\376\377\000c\000r\000a\000s\000h\000A\000i\000r\000p\000l\000a\000n\000e\000:}{subsection.3.6.2}% 42
\BOOKMARK [3][-]{subsubsection.3.6.2.2}{\376\377\000l\000a\000n\000d\000A\000i\000r\000p\000l\000a\000n\000e\000:}{subsection.3.6.2}% 43
\BOOKMARK [3][-]{subsubsection.3.6.2.3}{\376\377\000u\000p\000d\000a\000t\000e\000I\000n\000t\000e\000r\000f\000a\000c\000e\000W\000i\000t\000h\000I\000n\000f\000o\000r\000m\000a\000t\000i\000o\000n\000s\000F\000o\000r\000Z\000o\000n\000e\000:}{subsection.3.6.2}% 44
\BOOKMARK [1][-]{section.3.7}{\376\377\000A\000T\000C\000A\000i\000r\000p\000l\000a\000n\000e\000I\000n\000f\000o\000r\000m\000a\000t\000i\000o\000n\000\040\000C\000l\000a\000s\000s\000\040\000R\000e\000f\000e\000r\000e\000n\000c\000e}{chapter.3}% 45
\BOOKMARK [2][-]{subsection.3.7.1}{\376\377\000D\000e\000t\000a\000i\000l\000e\000d\000\040\000D\000e\000s\000c\000r\000i\000p\000t\000i\000o\000n}{section.3.7}% 46
\BOOKMARK [2][-]{subsection.3.7.2}{\376\377\000M\000e\000m\000b\000e\000r\000\040\000F\000u\000n\000c\000t\000i\000o\000n\000\040\000D\000o\000c\000u\000m\000e\000n\000t\000a\000t\000i\000o\000n}{section.3.7}% 47
\BOOKMARK [3][-]{subsubsection.3.7.2.1}{\376\377\000p\000l\000a\000n\000e\000I\000n\000f\000o\000r\000m\000a\000t\000i\000o\000n\000F\000r\000o\000m\000E\000x\000i\000s\000t\000i\000n\000g\000:}{subsection.3.7.2}% 48
\BOOKMARK [2][-]{subsection.3.7.3}{\376\377\000P\000r\000o\000p\000e\000r\000t\000y\000\040\000D\000o\000c\000u\000m\000e\000n\000t\000a\000t\000i\000o\000n}{section.3.7}% 49
\BOOKMARK [3][-]{subsubsection.3.7.3.1}{\376\377\000a\000i\000r\000p\000l\000a\000n\000e\000N\000a\000m\000e}{subsection.3.7.3}% 50
\BOOKMARK [3][-]{subsubsection.3.7.3.2}{\376\377\000c\000o\000o\000r\000d\000i\000n\000a\000t\000e\000s}{subsection.3.7.3}% 51
\BOOKMARK [3][-]{subsubsection.3.7.3.3}{\376\377\000c\000o\000u\000r\000s\000e}{subsection.3.7.3}% 52
\BOOKMARK [3][-]{subsubsection.3.7.3.4}{\376\377\000c\000u\000r\000r\000e\000n\000t\000Z\000o\000n\000e\000I\000D}{subsection.3.7.3}% 53
\BOOKMARK [3][-]{subsubsection.3.7.3.5}{\376\377\000d\000e\000s\000t\000i\000n\000a\000t\000i\000o\000n}{subsection.3.7.3}% 54
\BOOKMARK [3][-]{subsubsection.3.7.3.6}{\376\377\000s\000p\000e\000e\000d}{subsection.3.7.3}% 55
\BOOKMARK [1][-]{section.3.8}{\376\377\000A\000T\000C\000P\000o\000i\000n\000t\000\040\000C\000l\000a\000s\000s\000\040\000R\000e\000f\000e\000r\000e\000n\000c\000e}{chapter.3}% 56
\BOOKMARK [2][-]{subsection.3.8.1}{\376\377\000D\000e\000t\000a\000i\000l\000e\000d\000\040\000D\000e\000s\000c\000r\000i\000p\000t\000i\000o\000n}{section.3.8}% 57
\BOOKMARK [2][-]{subsection.3.8.2}{\376\377\000M\000e\000m\000b\000e\000r\000\040\000F\000u\000n\000c\000t\000i\000o\000n\000\040\000D\000o\000c\000u\000m\000e\000n\000t\000a\000t\000i\000o\000n}{section.3.8}% 58
\BOOKMARK [3][-]{subsubsection.3.8.2.1}{\376\377\000i\000n\000i\000t\000W\000i\000t\000h\000C\000o\000o\000r\000d\000i\000n\000a\000t\000e\000X\000:\000a\000n\000d\000C\000o\000o\000r\000d\000i\000n\000a\000t\000e\000Y\000:}{subsection.3.8.2}% 59
\BOOKMARK [3][-]{subsubsection.3.8.2.2}{\376\377\000p\000o\000i\000n\000t\000F\000r\000o\000m\000E\000x\000i\000s\000t\000i\000n\000g\000:}{subsection.3.8.2}% 60
\BOOKMARK [2][-]{subsection.3.8.3}{\376\377\000P\000r\000o\000p\000e\000r\000t\000y\000\040\000D\000o\000c\000u\000m\000e\000n\000t\000a\000t\000i\000o\000n}{section.3.8}% 61
\BOOKMARK [3][-]{subsubsection.3.8.3.1}{\376\377\000X}{subsection.3.8.3}% 62
\BOOKMARK [3][-]{subsubsection.3.8.3.2}{\376\377\000Y}{subsection.3.8.3}% 63
\BOOKMARK [1][-]{section.3.9}{\376\377\000A\000T\000C\000Z\000o\000n\000e\000\040\000C\000l\000a\000s\000s\000\040\000R\000e\000f\000e\000r\000e\000n\000c\000e}{chapter.3}% 64
\BOOKMARK [2][-]{subsection.3.9.1}{\376\377\000D\000e\000t\000a\000i\000l\000e\000d\000\040\000D\000e\000s\000c\000r\000i\000p\000t\000i\000o\000n}{section.3.9}% 65
\BOOKMARK [2][-]{subsection.3.9.2}{\376\377\000M\000e\000m\000b\000e\000r\000\040\000F\000u\000n\000c\000t\000i\000o\000n\000\040\000D\000o\000c\000u\000m\000e\000n\000t\000a\000t\000i\000o\000n}{section.3.9}% 66
\BOOKMARK [3][-]{subsubsection.3.9.2.1}{\376\377\000a\000d\000d\000A\000d\000j\000a\000c\000e\000n\000t\000Z\000o\000n\000e\000:}{subsection.3.9.2}% 67
\BOOKMARK [3][-]{subsubsection.3.9.2.2}{\376\377\000c\000a\000l\000c\000u\000l\000a\000t\000e\000D\000i\000s\000t\000a\000n\000c\000e\000T\000o\000Z\000o\000n\000e\000B\000o\000r\000d\000e\000r\000W\000i\000t\000h\000P\000o\000s\000i\000t\000i\000o\000n\000:}{subsection.3.9.2}% 68
\BOOKMARK [3][-]{subsubsection.3.9.2.3}{\376\377\000i\000n\000i\000t\000W\000i\000t\000h\000C\000o\000r\000n\000e\000r\000s\000:\000w\000i\000t\000h\000C\000o\000n\000t\000r\000o\000l\000l\000e\000r\000N\000a\000m\000e\000:\000a\000n\000d\000I\000s\000A\000i\000r\000p\000o\000r\000t\000:}{subsection.3.9.2}% 69
\BOOKMARK [3][-]{subsubsection.3.9.2.4}{\376\377\000p\000o\000i\000n\000t\000B\000e\000l\000o\000n\000g\000s\000T\000o\000Z\000o\000n\000e\000:}{subsection.3.9.2}% 70
\BOOKMARK [2][-]{subsection.3.9.3}{\376\377\000P\000r\000o\000p\000e\000r\000t\000y\000\040\000D\000o\000c\000u\000m\000e\000n\000t\000a\000t\000i\000o\000n}{section.3.9}% 71
\BOOKMARK [3][-]{subsubsection.3.9.3.1}{\376\377\000a\000d\000j\000a\000c\000e\000n\000t\000Z\000o\000n\000e\000s}{subsection.3.9.3}% 72
\BOOKMARK [3][-]{subsubsection.3.9.3.2}{\376\377\000a\000i\000r\000p\000o\000r\000t}{subsection.3.9.3}% 73
\BOOKMARK [3][-]{subsubsection.3.9.3.3}{\376\377\000b\000o\000r\000d\000e\000r\000s}{subsection.3.9.3}% 74
\BOOKMARK [3][-]{subsubsection.3.9.3.4}{\376\377\000c\000o\000n\000t\000r\000o\000l\000l\000e\000r\000N\000a\000m\000e}{subsection.3.9.3}% 75
\BOOKMARK [3][-]{subsubsection.3.9.3.5}{\376\377\000c\000o\000r\000n\000e\000r\000s}{subsection.3.9.3}% 76
\BOOKMARK [1][-]{section.3.10}{\376\377\000A\000T\000C\000Z\000o\000n\000e\000B\000o\000r\000d\000e\000r\000S\000e\000g\000m\000e\000n\000t\000\040\000C\000l\000a\000s\000s\000\040\000R\000e\000f\000e\000r\000e\000n\000c\000e}{chapter.3}% 77
\BOOKMARK [2][-]{subsection.3.10.1}{\376\377\000D\000e\000t\000a\000i\000l\000e\000d\000\040\000D\000e\000s\000c\000r\000i\000p\000t\000i\000o\000n}{section.3.10}% 78
\BOOKMARK [2][-]{subsection.3.10.2}{\376\377\000M\000e\000m\000b\000e\000r\000\040\000F\000u\000n\000c\000t\000i\000o\000n\000\040\000D\000o\000c\000u\000m\000e\000n\000t\000a\000t\000i\000o\000n}{section.3.10}% 79
\BOOKMARK [3][-]{subsubsection.3.10.2.1}{\376\377\000c\000a\000l\000c\000u\000l\000a\000t\000e\000D\000i\000s\000t\000a\000n\000c\000e\000T\000o\000S\000e\000g\000m\000e\000n\000t\000:}{subsection.3.10.2}% 80
\BOOKMARK [3][-]{subsubsection.3.10.2.2}{\376\377\000i\000n\000i\000t\000W\000i\000t\000h\000E\000x\000t\000r\000e\000m\000i\000t\000y\0001\000:\000a\000n\000d\000E\000x\000t\000r\000e\000m\000i\000t\000y\0002\000:\000w\000i\000t\000h\000D\000i\000r\000e\000c\000t\000i\000o\000n\000P\000o\000s\000i\000t\000i\000v\000e\000:}{subsection.3.10.2}% 81
\BOOKMARK [3][-]{subsubsection.3.10.2.3}{\376\377\000p\000o\000i\000n\000t\000B\000e\000l\000o\000n\000g\000s\000T\000o\000G\000e\000n\000e\000r\000a\000t\000e\000d\000H\000a\000l\000f\000S\000p\000a\000c\000e\000:}{subsection.3.10.2}% 82
\BOOKMARK [1][-]{section.3.11}{\376\377\000B\000a\000s\000i\000c\000A\000g\000e\000n\000t\000\040\000C\000l\000a\000s\000s\000\040\000R\000e\000f\000e\000r\000e\000n\000c\000e}{chapter.3}% 83
\BOOKMARK [2][-]{subsection.3.11.1}{\376\377\000D\000e\000t\000a\000i\000l\000e\000d\000\040\000D\000e\000s\000c\000r\000i\000p\000t\000i\000o\000n}{section.3.11}% 84
\BOOKMARK [2][-]{subsection.3.11.2}{\376\377\000M\000e\000m\000b\000e\000r\000\040\000F\000u\000n\000c\000t\000i\000o\000n\000\040\000D\000o\000c\000u\000m\000e\000n\000t\000a\000t\000i\000o\000n}{section.3.11}% 85
\BOOKMARK [3][-]{subsubsection.3.11.2.1}{\376\377\000i\000n\000i\000t\000W\000i\000t\000h\000A\000g\000e\000n\000t\000N\000a\000m\000e\000:}{subsection.3.11.2}% 86
\BOOKMARK [3][-]{subsubsection.3.11.2.2}{\376\377\000r\000e\000c\000e\000i\000v\000e\000M\000e\000s\000s\000a\000g\000e\000:}{subsection.3.11.2}% 87
\BOOKMARK [3][-]{subsubsection.3.11.2.3}{\376\377\000s\000e\000n\000d\000M\000e\000s\000s\000a\000g\000e\000:\000f\000r\000o\000m\000T\000y\000p\000e\000:\000t\000o\000A\000g\000e\000n\000t\000:}{subsection.3.11.2}% 88
\BOOKMARK [2][-]{subsection.3.11.3}{\376\377\000P\000r\000o\000p\000e\000r\000t\000y\000\040\000D\000o\000c\000u\000m\000e\000n\000t\000a\000t\000i\000o\000n}{section.3.11}% 89
\BOOKMARK [3][-]{subsubsection.3.11.3.1}{\376\377\000a\000g\000e\000n\000t\000B\000e\000h\000a\000v\000i\000o\000r\000D\000e\000l\000e\000g\000a\000t\000e}{subsection.3.11.3}% 90
\BOOKMARK [3][-]{subsubsection.3.11.3.2}{\376\377\000a\000g\000e\000n\000t\000N\000a\000m\000e}{subsection.3.11.3}% 91
\BOOKMARK [1][-]{section.3.12}{\376\377\000B\000a\000s\000i\000c\000C\000o\000n\000t\000r\000o\000l\000l\000e\000r\000\040\000C\000l\000a\000s\000s\000\040\000R\000e\000f\000e\000r\000e\000n\000c\000e}{chapter.3}% 92
\BOOKMARK [2][-]{subsection.3.12.1}{\376\377\000D\000e\000t\000a\000i\000l\000e\000d\000\040\000D\000e\000s\000c\000r\000i\000p\000t\000i\000o\000n}{section.3.12}% 93
\BOOKMARK [2][-]{subsection.3.12.2}{\376\377\000M\000e\000m\000b\000e\000r\000\040\000F\000u\000n\000c\000t\000i\000o\000n\000\040\000D\000o\000c\000u\000m\000e\000n\000t\000a\000t\000i\000o\000n}{section.3.12}% 94
\BOOKMARK [3][-]{subsubsection.3.12.2.1}{\376\377\000a\000n\000a\000l\000y\000z\000e\000M\000e\000s\000s\000a\000g\000e\000:\000w\000i\000t\000h\000O\000r\000i\000g\000i\000n\000a\000l\000D\000e\000s\000t\000i\000n\000a\000t\000o\000r\000:}{subsection.3.12.2}% 95
\BOOKMARK [3][-]{subsubsection.3.12.2.2}{\376\377\000c\000r\000e\000a\000t\000e\000Z\000o\000n\000e\000I\000D}{subsection.3.12.2}% 96
\BOOKMARK [3][-]{subsubsection.3.12.2.3}{\376\377\000d\000e\000t\000e\000c\000t\000A\000i\000r\000p\000l\000a\000n\000e\000s\000I\000n\000Z\000o\000n\000e}{subsection.3.12.2}% 97
\BOOKMARK [3][-]{subsubsection.3.12.2.4}{\376\377\000m\000e\000s\000s\000a\000g\000e\000I\000d\000e\000n\000t\000i\000f\000i\000e\000r\000F\000o\000r\000Z\000o\000n\000e\000:}{subsection.3.12.2}% 98
\BOOKMARK [3][-]{subsubsection.3.12.2.5}{\376\377\000s\000t\000a\000r\000t\000S\000i\000m\000u\000l\000a\000t\000i\000o\000n}{subsection.3.12.2}% 99
\BOOKMARK [3][-]{subsubsection.3.12.2.6}{\376\377\000s\000t\000o\000p\000S\000i\000m\000u\000l\000a\000t\000i\000o\000n}{subsection.3.12.2}% 100
\BOOKMARK [3][-]{subsubsection.3.12.2.7}{\376\377\000z\000o\000n\000e\000I\000d\000e\000n\000t\000i\000f\000i\000e\000r\000A\000s\000S\000t\000r\000i\000n\000g\000W\000i\000t\000h\000I\000D\000:}{subsection.3.12.2}% 101
\BOOKMARK [2][-]{subsection.3.12.3}{\376\377\000P\000r\000o\000p\000e\000r\000t\000y\000\040\000D\000o\000c\000u\000m\000e\000n\000t\000a\000t\000i\000o\000n}{section.3.12}% 102
\BOOKMARK [3][-]{subsubsection.3.12.3.1}{\376\377\000c\000o\000n\000t\000r\000o\000l\000l\000e\000d\000A\000i\000r\000p\000l\000a\000n\000e\000s}{subsection.3.12.3}% 103
\BOOKMARK [3][-]{subsubsection.3.12.3.2}{\376\377\000c\000o\000n\000t\000r\000o\000l\000l\000e\000r\000D\000e\000l\000e\000g\000a\000t\000e}{subsection.3.12.3}% 104
\BOOKMARK [3][-]{subsubsection.3.12.3.3}{\376\377\000z\000o\000n\000e\000I\000D}{subsection.3.12.3}% 105
\BOOKMARK [1][-]{section.3.13}{\376\377\000<\000C\000o\000n\000t\000r\000o\000l\000l\000e\000r\000B\000e\000h\000a\000v\000i\000o\000r\000D\000e\000l\000e\000g\000a\000t\000e\000>\000\040\000P\000r\000o\000t\000o\000c\000o\000l\000\040\000R\000e\000f\000e\000r\000e\000n\000c\000e}{chapter.3}% 106
\BOOKMARK [2][-]{subsection.3.13.1}{\376\377\000D\000e\000t\000a\000i\000l\000e\000d\000\040\000D\000e\000s\000c\000r\000i\000p\000t\000i\000o\000n}{section.3.13}% 107
\BOOKMARK [2][-]{subsection.3.13.2}{\376\377\000M\000e\000m\000b\000e\000r\000\040\000F\000u\000n\000c\000t\000i\000o\000n\000\040\000D\000o\000c\000u\000m\000e\000n\000t\000a\000t\000i\000o\000n}{section.3.13}% 108
\BOOKMARK [3][-]{subsubsection.3.13.2.1}{\376\377\000f\000i\000n\000i\000s\000h\000M\000e\000s\000s\000a\000g\000e\000A\000n\000a\000l\000y\000s\000i\000s\000:\000w\000i\000t\000h\000M\000e\000s\000s\000a\000g\000e\000C\000o\000d\000e\000:\000f\000r\000o\000m\000:\000o\000r\000i\000g\000i\000n\000a\000l\000l\000y\000T\000o\000:}{subsection.3.13.2}% 109
\BOOKMARK [1][-]{section.3.14}{\376\377\000E\000n\000v\000i\000r\000o\000n\000m\000e\000n\000t\000\040\000C\000l\000a\000s\000s\000\040\000R\000e\000f\000e\000r\000e\000n\000c\000e}{chapter.3}% 110
\BOOKMARK [2][-]{subsection.3.14.1}{\376\377\000D\000e\000t\000a\000i\000l\000e\000d\000\040\000D\000e\000s\000c\000r\000i\000p\000t\000i\000o\000n}{section.3.14}% 111
\BOOKMARK [2][-]{subsection.3.14.2}{\376\377\000M\000e\000m\000b\000e\000r\000\040\000F\000u\000n\000c\000t\000i\000o\000n\000\040\000D\000o\000c\000u\000m\000e\000n\000t\000a\000t\000i\000o\000n}{section.3.14}% 112
\BOOKMARK [3][-]{subsubsection.3.14.2.1}{\376\377\000c\000r\000a\000s\000h\000A\000i\000r\000p\000l\000a\000n\000e\000:}{subsection.3.14.2}% 113
\BOOKMARK [3][-]{subsubsection.3.14.2.2}{\376\377\000i\000n\000i\000t\000W\000i\000t\000h\000D\000i\000s\000p\000l\000a\000y\000D\000e\000l\000e\000g\000a\000t\000e\000:}{subsection.3.14.2}% 114
\BOOKMARK [3][-]{subsubsection.3.14.2.3}{\376\377\000l\000a\000n\000d\000A\000i\000r\000p\000l\000a\000n\000e\000:}{subsection.3.14.2}% 115
\BOOKMARK [3][-]{subsubsection.3.14.2.4}{\376\377\000r\000e\000s\000e\000t\000S\000i\000m\000u\000l\000a\000t\000i\000o\000n}{subsection.3.14.2}% 116
\BOOKMARK [3][-]{subsubsection.3.14.2.5}{\376\377\000s\000t\000a\000r\000t\000S\000i\000m\000u\000l\000a\000t\000i\000o\000n}{subsection.3.14.2}% 117
\BOOKMARK [3][-]{subsubsection.3.14.2.6}{\376\377\000s\000t\000o\000p\000S\000i\000m\000u\000l\000a\000t\000i\000o\000n}{subsection.3.14.2}% 118
\BOOKMARK [3][-]{subsubsection.3.14.2.7}{\376\377\000u\000p\000d\000a\000t\000e\000I\000n\000t\000e\000r\000f\000a\000c\000e\000W\000i\000t\000h\000I\000n\000f\000o\000r\000m\000a\000t\000i\000o\000n\000s\000F\000o\000r\000Z\000o\000n\000e\000:}{subsection.3.14.2}% 119
\BOOKMARK [2][-]{subsection.3.14.3}{\376\377\000P\000r\000o\000p\000e\000r\000t\000y\000\040\000D\000o\000c\000u\000m\000e\000n\000t\000a\000t\000i\000o\000n}{section.3.14}% 120
\BOOKMARK [3][-]{subsubsection.3.14.3.1}{\376\377\000a\000i\000r\000p\000l\000a\000n\000e\000s}{subsection.3.14.3}% 121
\BOOKMARK [3][-]{subsubsection.3.14.3.2}{\376\377\000a\000i\000r\000p\000o\000r\000t\000C\000o\000n\000t\000r\000o\000l\000l\000e\000r\000s}{subsection.3.14.3}% 122
\BOOKMARK [3][-]{subsubsection.3.14.3.3}{\376\377\000d\000i\000s\000p\000l\000a\000y\000D\000e\000l\000e\000g\000a\000t\000e}{subsection.3.14.3}% 123
\BOOKMARK [3][-]{subsubsection.3.14.3.4}{\376\377\000z\000o\000n\000e\000C\000o\000n\000t\000r\000o\000l\000l\000e\000r\000s}{subsection.3.14.3}% 124
\BOOKMARK [3][-]{subsubsection.3.14.3.5}{\376\377\000z\000o\000n\000e\000s}{subsection.3.14.3}% 125
\BOOKMARK [1][-]{section.3.15}{\376\377\000<\000E\000n\000v\000i\000r\000o\000n\000m\000e\000n\000t\000D\000i\000s\000p\000l\000a\000y\000D\000e\000l\000e\000g\000a\000t\000e\000>\000\040\000P\000r\000o\000t\000o\000c\000o\000l\000\040\000R\000e\000f\000e\000r\000e\000n\000c\000e}{chapter.3}% 126
\BOOKMARK [2][-]{subsection.3.15.1}{\376\377\000D\000e\000t\000a\000i\000l\000e\000d\000\040\000D\000e\000s\000c\000r\000i\000p\000t\000i\000o\000n}{section.3.15}% 127
\BOOKMARK [2][-]{subsection.3.15.2}{\376\377\000M\000e\000m\000b\000e\000r\000\040\000F\000u\000n\000c\000t\000i\000o\000n\000\040\000D\000o\000c\000u\000m\000e\000n\000t\000a\000t\000i\000o\000n}{section.3.15}% 128
\BOOKMARK [3][-]{subsubsection.3.15.2.1}{\376\377\000a\000d\000d\000A\000i\000r\000p\000l\000a\000n\000e\000s\000T\000o\000M\000a\000p\000:}{subsection.3.15.2}% 129
\BOOKMARK [3][-]{subsubsection.3.15.2.2}{\376\377\000a\000d\000d\000A\000i\000r\000p\000l\000a\000n\000e\000T\000o\000M\000a\000p\000:}{subsection.3.15.2}% 130
\BOOKMARK [3][-]{subsubsection.3.15.2.3}{\376\377\000c\000r\000a\000s\000h\000A\000i\000r\000p\000l\000a\000n\000e\000:}{subsection.3.15.2}% 131
\BOOKMARK [3][-]{subsubsection.3.15.2.4}{\376\377\000d\000i\000s\000p\000l\000a\000y\000A\000i\000r\000p\000o\000r\000t\000C\000o\000n\000t\000r\000o\000l\000l\000e\000r\000s\000:}{subsection.3.15.2}% 132
\BOOKMARK [3][-]{subsubsection.3.15.2.5}{\376\377\000d\000i\000s\000p\000l\000a\000y\000Z\000o\000n\000e\000s\000:}{subsection.3.15.2}% 133
\BOOKMARK [3][-]{subsubsection.3.15.2.6}{\376\377\000d\000i\000s\000p\000l\000a\000y\000Z\000o\000n\000e\000s\000C\000o\000n\000t\000r\000o\000l\000l\000e\000r\000s\000:}{subsection.3.15.2}% 134
\BOOKMARK [3][-]{subsubsection.3.15.2.7}{\376\377\000l\000a\000n\000d\000A\000i\000r\000p\000l\000a\000n\000e\000:}{subsection.3.15.2}% 135
\BOOKMARK [3][-]{subsubsection.3.15.2.8}{\376\377\000u\000p\000d\000a\000t\000e\000A\000i\000r\000p\000l\000a\000n\000e\000s\000P\000o\000s\000i\000t\000i\000o\000n\000s\000:}{subsection.3.15.2}% 136
\BOOKMARK [1][-]{section.3.16}{\376\377\000M\000a\000i\000n\000I\000n\000t\000e\000r\000f\000a\000c\000e\000C\000o\000n\000t\000r\000o\000l\000l\000e\000r\000\040\000C\000l\000a\000s\000s\000\040\000R\000e\000f\000e\000r\000e\000n\000c\000e}{chapter.3}% 137
\BOOKMARK [2][-]{subsection.3.16.1}{\376\377\000D\000e\000t\000a\000i\000l\000e\000d\000\040\000D\000e\000s\000c\000r\000i\000p\000t\000i\000o\000n}{section.3.16}% 138
\BOOKMARK [2][-]{subsection.3.16.2}{\376\377\000M\000e\000m\000b\000e\000r\000\040\000F\000u\000n\000c\000t\000i\000o\000n\000\040\000D\000o\000c\000u\000m\000e\000n\000t\000a\000t\000i\000o\000n}{section.3.16}% 139
\BOOKMARK [3][-]{subsubsection.3.16.2.1}{\376\377\000a\000d\000d\000A\000i\000r\000p\000l\000a\000n\000e\000s\000T\000o\000M\000a\000p\000:}{subsection.3.16.2}% 140
\BOOKMARK [3][-]{subsubsection.3.16.2.2}{\376\377\000a\000d\000d\000A\000i\000r\000p\000l\000a\000n\000e\000T\000o\000M\000a\000p\000:}{subsection.3.16.2}% 141
\BOOKMARK [3][-]{subsubsection.3.16.2.3}{\376\377\000c\000r\000a\000s\000h\000A\000i\000r\000p\000l\000a\000n\000e\000:}{subsection.3.16.2}% 142
\BOOKMARK [3][-]{subsubsection.3.16.2.4}{\376\377\000d\000i\000s\000p\000l\000a\000y\000A\000i\000r\000p\000o\000r\000t\000C\000o\000n\000t\000r\000o\000l\000l\000e\000r\000s\000:}{subsection.3.16.2}% 143
\BOOKMARK [3][-]{subsubsection.3.16.2.5}{\376\377\000d\000i\000s\000p\000l\000a\000y\000Z\000o\000n\000e\000s\000:}{subsection.3.16.2}% 144
\BOOKMARK [3][-]{subsubsection.3.16.2.6}{\376\377\000d\000i\000s\000p\000l\000a\000y\000Z\000o\000n\000e\000s\000C\000o\000n\000t\000r\000o\000l\000l\000e\000r\000s\000:}{subsection.3.16.2}% 145
\BOOKMARK [3][-]{subsubsection.3.16.2.7}{\376\377\000l\000a\000n\000d\000A\000i\000r\000p\000l\000a\000n\000e\000:}{subsection.3.16.2}% 146
\BOOKMARK [3][-]{subsubsection.3.16.2.8}{\376\377\000u\000p\000d\000a\000t\000e\000A\000i\000r\000p\000l\000a\000n\000e\000s\000P\000o\000s\000i\000t\000i\000o\000n\000s\000:}{subsection.3.16.2}% 147
\BOOKMARK [1][-]{section.3.17}{\376\377\000M\000a\000p\000V\000i\000e\000w\000\040\000C\000l\000a\000s\000s\000\040\000R\000e\000f\000e\000r\000e\000n\000c\000e}{chapter.3}% 148
\BOOKMARK [1][-]{section.3.18}{\376\377\000Z\000o\000n\000e\000C\000o\000n\000t\000r\000o\000l\000l\000e\000r\000\040\000C\000l\000a\000s\000s\000\040\000R\000e\000f\000e\000r\000e\000n\000c\000e}{chapter.3}% 149
\BOOKMARK [2][-]{subsection.3.18.1}{\376\377\000D\000e\000t\000a\000i\000l\000e\000d\000\040\000D\000e\000s\000c\000r\000i\000p\000t\000i\000o\000n}{section.3.18}% 150
\BOOKMARK [2][-]{subsection.3.18.2}{\376\377\000M\000e\000m\000b\000e\000r\000\040\000F\000u\000n\000c\000t\000i\000o\000n\000\040\000D\000o\000c\000u\000m\000e\000n\000t\000a\000t\000i\000o\000n}{section.3.18}% 151
\BOOKMARK [3][-]{subsubsection.3.18.2.1}{\376\377\000f\000i\000n\000i\000s\000h\000M\000e\000s\000s\000a\000g\000e\000A\000n\000a\000l\000y\000s\000i\000s\000:\000w\000i\000t\000h\000M\000e\000s\000s\000a\000g\000e\000C\000o\000d\000e\000:\000f\000r\000o\000m\000:\000o\000r\000i\000g\000i\000n\000a\000l\000l\000y\000T\000o\000:}{subsection.3.18.2}% 152
